Running "module reset". Resetting modules to system default. The following $MODULEPATH directories have been removed: None
rsync: [sender] change_dir "/users/PAS1730/johnnyeschbach/.matlab" failed: No such file or directory (2)
rsync error: some files/attrs were not transferred (see previous errors) (code 23) at main.c(1327) [sender=3.2.5]
[INFO 06-13 19:45:49] ax.api.client: Trial 0 marked COMPLETED.
[INFO 06-13 19:45:49] ax.api.client: Trial 1 marked COMPLETED.
[INFO 06-13 19:45:49] ax.api.client: Trial 2 marked COMPLETED.
[INFO 06-13 19:45:49] ax.api.client: Trial 3 marked COMPLETED.
[INFO 06-13 19:45:49] ax.api.client: Trial 4 marked COMPLETED.
/fs/ess/PAS1730/Johnny/GratingOptimization/GratingOpt/venv/lib/python3.12/site-packages/ax/api/client.py:610: RuntimeWarning: Parameterization {'duty_cycle': 0.458601515, 'pillar_thickness': 1512.369564, 'aoi': 38.47485929} is in out-of-design. Ax will still attach the trial for use in candidate generation.
  _, trial_index = self._experiment.attach_trial(
[INFO 06-13 19:45:49] ax.api.client: Trial 5 marked COMPLETED.
[INFO 06-13 19:45:49] ax.api.client: Trial 6 marked COMPLETED.
[INFO 06-13 19:45:49] ax.api.client: Trial 7 marked COMPLETED.
[INFO 06-13 19:45:49] ax.api.client: Trial 8 marked COMPLETED.
[INFO 06-13 19:45:49] ax.api.client: Trial 9 marked COMPLETED.
[INFO 06-13 19:45:49] ax.api.client: Trial 10 marked COMPLETED.
[INFO 06-13 19:45:49] ax.api.client: Trial 11 marked COMPLETED.
[INFO 06-13 19:45:49] ax.api.client: Trial 12 marked COMPLETED.
[INFO 06-13 19:45:49] ax.api.client: Trial 13 marked COMPLETED.
[INFO 06-13 19:45:49] ax.api.client: Trial 14 marked COMPLETED.
[INFO 06-13 19:45:49] ax.api.client: Trial 15 marked COMPLETED.
[INFO 06-13 19:45:49] ax.api.client: Trial 16 marked COMPLETED.
[INFO 06-13 19:45:49] ax.api.client: Trial 17 marked COMPLETED.
[INFO 06-13 19:45:49] ax.api.client: Trial 18 marked COMPLETED.
[INFO 06-13 19:45:49] ax.api.client: Trial 19 marked COMPLETED.
[INFO 06-13 19:45:49] ax.api.client: Trial 20 marked COMPLETED.
[INFO 06-13 19:45:49] ax.api.client: Trial 21 marked COMPLETED.
[INFO 06-13 19:45:49] ax.api.client: Trial 22 marked COMPLETED.
[INFO 06-13 19:45:49] ax.api.client: Trial 23 marked COMPLETED.
[INFO 06-13 19:45:49] ax.api.client: Trial 24 marked COMPLETED.
[INFO 06-13 19:45:49] ax.api.client: Trial 25 marked COMPLETED.
[INFO 06-13 19:45:49] ax.api.client: Trial 26 marked COMPLETED.
[INFO 06-13 19:45:49] ax.api.client: Trial 27 marked COMPLETED.
[INFO 06-13 19:45:49] ax.api.client: Trial 28 marked COMPLETED.
[INFO 06-13 19:45:49] ax.api.client: Trial 29 marked COMPLETED.
[INFO 06-13 19:45:49] ax.api.client: Trial 30 marked COMPLETED.
[INFO 06-13 19:45:49] ax.api.client: Trial 31 marked COMPLETED.
[INFO 06-13 19:45:49] ax.api.client: Trial 32 marked COMPLETED.
[INFO 06-13 19:45:49] ax.api.client: Trial 33 marked COMPLETED.
[INFO 06-13 19:45:49] ax.api.client: Trial 34 marked COMPLETED.
[INFO 06-13 19:45:49] ax.api.client: Trial 35 marked COMPLETED.
[INFO 06-13 19:45:49] ax.api.client: Trial 36 marked COMPLETED.
[INFO 06-13 19:45:49] Orchestrator: `Orchestrator` requires experiment to have immutable search space and optimization config. Setting property immutable_search_space_and_opt_config to `True` on experiment.
[INFO 06-13 19:45:51] Orchestrator: Running trials [37]...
[INFO 06-13 19:45:51] Orchestrator: Running trials [37]...
[INFO 06-13 19:45:51] Orchestrator: Running trials [37]...
Traceback (most recent call last):
  File "<frozen runpy>", line 198, in _run_module_as_main
  File "<frozen runpy>", line 88, in _run_code
  File "/fs/ess/PAS1730/Johnny/GratingOptimization/GratingOpt/src/grating_opt/main_async.py", line 58, in <module>
    main(args)
  File "/fs/ess/PAS1730/Johnny/GratingOptimization/GratingOpt/src/grating_opt/main_async.py", line 41, in main
    client = optimizer.opt_async(
             ^^^^^^^^^^^^^^^^^^^^
  File "/fs/ess/PAS1730/Johnny/GratingOptimization/GratingOpt/src/grating_opt/optimizer.py", line 269, in opt_async
    client.run_trials(
  File "/fs/ess/PAS1730/Johnny/GratingOptimization/GratingOpt/venv/lib/python3.12/site-packages/ax/api/client.py", line 760, in run_trials
    orchestrator.run_n_trials(max_trials=max_trials)
  File "/fs/ess/PAS1730/Johnny/GratingOptimization/GratingOpt/venv/lib/python3.12/site-packages/ax/orchestration/orchestrator.py", line 599, in run_n_trials
    for _ in self.run_trials_and_yield_results(
  File "/fs/ess/PAS1730/Johnny/GratingOptimization/GratingOpt/venv/lib/python3.12/site-packages/ax/orchestration/orchestrator.py", line 727, in run_trials_and_yield_results
    while self._num_remaining_requested_trials > 0 and self.run(
                                                       ^^^^^^^^^
  File "/fs/ess/PAS1730/Johnny/GratingOptimization/GratingOpt/venv/lib/python3.12/site-packages/ax/orchestration/orchestrator.py", line 1294, in run
    self.run_trials(existing_trials=existing_trials, new_trials=new_trials)
  File "/fs/ess/PAS1730/Johnny/GratingOptimization/GratingOpt/venv/lib/python3.12/site-packages/ax/utils/common/executils.py", line 153, in actual_wrapper
    return func(*args, **kwargs)
           ^^^^^^^^^^^^^^^^^^^^^
  File "/fs/ess/PAS1730/Johnny/GratingOptimization/GratingOpt/venv/lib/python3.12/site-packages/ax/orchestration/orchestrator.py", line 831, in run_trials
    metadata = self.runner.run_multiple(trials=all_trials)
               ^^^^^^^^^^^^^^^^^^^^^^^^^^^^^^^^^^^^^^^^^^^
  File "/fs/ess/PAS1730/Johnny/GratingOptimization/GratingOpt/venv/lib/python3.12/site-packages/ax/core/runner.py", line 91, in run_multiple
    return {trial.index: self.run(trial=trial) for trial in trials}
                         ^^^^^^^^^^^^^^^^^^^^^
  File "/fs/ess/PAS1730/Johnny/GratingOptimization/GratingOpt/venv/lib/python3.12/site-packages/ax/api/protocols/utils.py", line 116, in run
    metadata = self.run_trial(
               ^^^^^^^^^^^^^^^
  File "/fs/ess/PAS1730/Johnny/GratingOptimization/GratingOpt/src/grating_opt/automatic_orchestration.py", line 21, in run_trial
    return call_on_same_node(
           ^^^^^^^^^^^^^^^^^^
  File "/fs/ess/PAS1730/Johnny/GratingOptimization/GratingOpt/src/grating_opt/simulation_calls.py", line 131, in call_on_same_node
    result_fdtd, result_rcwa, DE_filename = run_both(trial, params)
                                            ^^^^^^^^^^^^^^^^^^^^^^^
  File "/fs/ess/PAS1730/Johnny/GratingOptimization/GratingOpt/src/grating_opt/SA_both.py", line 34, in run_both
    f = open('../' +prototype_fdtd,'r',encoding='utf-8')
        ^^^^^^^^^^^^^^^^^^^^^^^^^^^^^^^^^^^^^^^^^^^^^^^^
FileNotFoundError: [Errno 2] No such file or directory: '../Prototype_FDTD.m'
